# JRE version: Java(TM) SE Runtime Environment (8.0_201-b09) (build 1.8.0_201-b09)
# Java VM: Java HotSpot(TM) Client VM (25.201-b09 mixed mode windows-x86 )
Heap:
 def new generation   total 4992K, used 4723K [0x04800000, 0x04d60000, 0x09d50000)
  eden space 4480K,  94% used [0x04800000, 0x04c1cd30, 0x04c60000)
  from space 512K,  99% used [0x04c60000, 0x04cdfff8, 0x04ce0000)
  to   space 512K,   0% used [0x04ce0000, 0x04ce0000, 0x04d60000)
 tenured generation   total 10944K, used 7213K [0x09d50000, 0x0a800000, 0x14800000)
   the space 10944K,  65% used [0x09d50000, 0x0a45b468, 0x0a45b600, 0x0a800000)
 Metaspace       used 2473K, capacity 2882K, committed 3008K, reserved 4480K
GC Heap History (10 events):
Event: 311.570 GC heap before
{Heap before GC invocations=1291 (full 48):
 def new generation   total 4992K, used 4991K [0x04800000, 0x04d60000, 0x09d50000)
  eden space 4480K, 100% used [0x04800000, 0x04c60000, 0x04c60000)
  from space 512K,  99% used [0x04ce0000, 0x04d5fff8, 0x04d60000)
  to   space 512K,   0% used [0x04c60000, 0x04c60000, 0x04ce0000)
 tenured generation   total 10944K, used 5921K [0x09d50000, 0x0a800000, 0x14800000)
   the space 10944K,  54% used [0x09d50000, 0x0a3184c0, 0x0a318600, 0x0a800000)
 Metaspace       used 2473K, capacity 2882K, committed 3008K, reserved 4480K
Event: 311.571 GC heap after
Heap after GC invocations=1292 (full 48):
 def new generation   total 4992K, used 512K [0x04800000, 0x04d60000, 0x09d50000)
  eden space 4480K,   0% used [0x04800000, 0x04800000, 0x04c60000)
  from space 512K, 100% used [0x04c60000, 0x04ce0000, 0x04ce0000)
  to   space 512K,   0% used [0x04ce0000, 0x04ce0000, 0x04d60000)
 tenured generation   total 10944K, used 6179K [0x09d50000, 0x0a800000, 0x14800000)
   the space 10944K,  56% used [0x09d50000, 0x0a358fb8, 0x0a359000, 0x0a800000)
 Metaspace       used 2473K, capacity 2882K, committed 3008K, reserved 4480K
}
Event: 311.810 GC heap before
{Heap before GC invocations=1292 (full 48):
 def new generation   total 4992K, used 4992K [0x04800000, 0x04d60000, 0x09d50000)
  eden space 4480K, 100% used [0x04800000, 0x04c60000, 0x04c60000)
  from space 512K, 100% used [0x04c60000, 0x04ce0000, 0x04ce0000)
  to   space 512K,   0% used [0x04ce0000, 0x04ce0000, 0x04d60000)
 tenured generation   total 10944K, used 6179K [0x09d50000, 0x0a800000, 0x14800000)
   the space 10944K,  56% used [0x09d50000, 0x0a358fb8, 0x0a359000, 0x0a800000)
 Metaspace       used 2473K, capacity 2882K, committed 3008K, reserved 4480K
Event: 311.811 GC heap after
Heap after GC invocations=1293 (full 48):
 def new generation   total 4992K, used 511K [0x04800000, 0x04d60000, 0x09d50000)
  eden space 4480K,   0% used [0x04800000, 0x04800000, 0x04c60000)
  from space 512K,  99% used [0x04ce0000, 0x04d5fff8, 0x04d60000)
  to   space 512K,   0% used [0x04c60000, 0x04c60000, 0x04ce0000)
 tenured generation   total 10944K, used 6438K [0x09d50000, 0x0a800000, 0x14800000)
   the space 10944K,  58% used [0x09d50000, 0x0a3998f0, 0x0a399a00, 0x0a800000)
 Metaspace       used 2473K, capacity 2882K, committed 3008K, reserved 4480K
}
Event: 311.983 GC heap before
{Heap before GC invocations=1293 (full 48):
 def new generation   total 4992K, used 4991K [0x04800000, 0x04d60000, 0x09d50000)
  eden space 4480K, 100% used [0x04800000, 0x04c60000, 0x04c60000)
  from space 512K,  99% used [0x04ce0000, 0x04d5fff8, 0x04d60000)
  to   space 512K,   0% used [0x04c60000, 0x04c60000, 0x04ce0000)
 tenured generation   total 10944K, used 6438K [0x09d50000, 0x0a800000, 0x14800000)
   the space 10944K,  58% used [0x09d50000, 0x0a3998f0, 0x0a399a00, 0x0a800000)
 Metaspace       used 2473K, capacity 2882K, committed 3008K, reserved 4480K
Event: 311.984 GC heap after
Heap after GC invocations=1294 (full 48):
 def new generation   total 4992K, used 511K [0x04800000, 0x04d60000, 0x09d50000)
  eden space 4480K,   0% used [0x04800000, 0x04800000, 0x04c60000)
  from space 512K,  99% used [0x04c60000, 0x04cdfff8, 0x04ce0000)
  to   space 512K,   0% used [0x04ce0000, 0x04ce0000, 0x04d60000)
 tenured generation   total 10944K, used 6696K [0x09d50000, 0x0a800000, 0x14800000)
   the space 10944K,  61% used [0x09d50000, 0x0a3da1c8, 0x0a3da200, 0x0a800000)
 Metaspace       used 2473K, capacity 2882K, committed 3008K, reserved 4480K
}
Event: 312.224 GC heap before
{Heap before GC invocations=1294 (full 48):
 def new generation   total 4992K, used 4991K [0x04800000, 0x04d60000, 0x09d50000)
  eden space 4480K, 100% used [0x04800000, 0x04c60000, 0x04c60000)
  from space 512K,  99% used [0x04c60000, 0x04cdfff8, 0x04ce0000)
  to   space 512K,   0% used [0x04ce0000, 0x04ce0000, 0x04d60000)
 tenured generation   total 10944K, used 6696K [0x09d50000, 0x0a800000, 0x14800000)
   the space 10944K,  61% used [0x09d50000, 0x0a3da1c8, 0x0a3da200, 0x0a800000)
 Metaspace       used 2473K, capacity 2882K, committed 3008K, reserved 4480K
Event: 312.226 GC heap after
Heap after GC invocations=1295 (full 48):
 def new generation   total 4992K, used 511K [0x04800000, 0x04d60000, 0x09d50000)
  eden space 4480K,   0% used [0x04800000, 0x04800000, 0x04c60000)
  from space 512K,  99% used [0x04ce0000, 0x04d5fff8, 0x04d60000)
  to   space 512K,   0% used [0x04c60000, 0x04c60000, 0x04ce0000)
 tenured generation   total 10944K, used 6954K [0x09d50000, 0x0a800000, 0x14800000)
   the space 10944K,  63% used [0x09d50000, 0x0a41aa58, 0x0a41ac00, 0x0a800000)
 Metaspace       used 2473K, capacity 2882K, committed 3008K, reserved 4480K
}
Event: 312.403 GC heap before
{Heap before GC invocations=1295 (full 48):
 def new generation   total 4992K, used 4991K [0x04800000, 0x04d60000, 0x09d50000)
  eden space 4480K, 100% used [0x04800000, 0x04c60000, 0x04c60000)
  from space 512K,  99% used [0x04ce0000, 0x04d5fff8, 0x04d60000)
  to   space 512K,   0% used [0x04c60000, 0x04c60000, 0x04ce0000)
 tenured generation   total 10944K, used 6954K [0x09d50000, 0x0a800000, 0x14800000)
   the space 10944K,  63% used [0x09d50000, 0x0a41aa58, 0x0a41ac00, 0x0a800000)
 Metaspace       used 2473K, capacity 2882K, committed 3008K, reserved 4480K
Event: 312.405 GC heap after
Heap after GC invocations=1296 (full 48):
 def new generation   total 4992K, used 511K [0x04800000, 0x04d60000, 0x09d50000)
  eden space 4480K,   0% used [0x04800000, 0x04800000, 0x04c60000)
  from space 512K,  99% used [0x04c60000, 0x04cdfff8, 0x04ce0000)
  to   space 512K,   0% used [0x04ce0000, 0x04ce0000, 0x04d60000)
 tenured generation   total 10944K, used 7213K [0x09d50000, 0x0a800000, 0x14800000)
   the space 10944K,  65% used [0x09d50000, 0x0a45b468, 0x0a45b600, 0x0a800000)
 Metaspace       used 2473K, capacity 2882K, committed 3008K, reserved 4480K
}

