# JRE version: Java(TM) SE Runtime Environment (8.0_251-b08) (build 1.8.0_251-b08)
# Java VM: Java HotSpot(TM) Client VM (25.251-b08 mixed mode, sharing windows-x86 )
Heap:
 def new generation   total 4992K, used 4544K [0x04a00000, 0x04f60000, 0x09f50000)
  eden space 4480K,  90% used [0x04a00000, 0x04df0060, 0x04e60000)
  from space 512K,  99% used [0x04e60000, 0x04edfff8, 0x04ee0000)
  to   space 512K,   0% used [0x04ee0000, 0x04ee0000, 0x04f60000)
 tenured generation   total 10944K, used 7759K [0x09f50000, 0x0aa00000, 0x14a00000)
   the space 10944K,  70% used [0x09f50000, 0x0a6e3ee0, 0x0a6e4000, 0x0aa00000)
 Metaspace       used 705K, capacity 2856K, committed 2880K, reserved 4480K
GC Heap History (10 events):
Event: 574.806 GC heap before
{Heap before GC invocations=1955 (full 59):
 def new generation   total 4992K, used 4991K [0x04a00000, 0x04f60000, 0x09f50000)
  eden space 4480K, 100% used [0x04a00000, 0x04e60000, 0x04e60000)
  from space 512K,  99% used [0x04ee0000, 0x04f5fff8, 0x04f60000)
  to   space 512K,   0% used [0x04e60000, 0x04e60000, 0x04ee0000)
 tenured generation   total 10944K, used 6470K [0x09f50000, 0x0aa00000, 0x14a00000)
   the space 10944K,  59% used [0x09f50000, 0x0a5a1a90, 0x0a5a1c00, 0x0aa00000)
 Metaspace       used 705K, capacity 2856K, committed 2880K, reserved 4480K
Event: 574.808 GC heap after
Heap after GC invocations=1956 (full 59):
 def new generation   total 4992K, used 511K [0x04a00000, 0x04f60000, 0x09f50000)
  eden space 4480K,   0% used [0x04a00000, 0x04a00000, 0x04e60000)
  from space 512K,  99% used [0x04e60000, 0x04edfff8, 0x04ee0000)
  to   space 512K,   0% used [0x04ee0000, 0x04ee0000, 0x04f60000)
 tenured generation   total 10944K, used 6730K [0x09f50000, 0x0aa00000, 0x14a00000)
   the space 10944K,  61% used [0x09f50000, 0x0a5e2840, 0x0a5e2a00, 0x0aa00000)
 Metaspace       used 705K, capacity 2856K, committed 2880K, reserved 4480K
}
Event: 574.984 GC heap before
{Heap before GC invocations=1956 (full 59):
 def new generation   total 4992K, used 4991K [0x04a00000, 0x04f60000, 0x09f50000)
  eden space 4480K, 100% used [0x04a00000, 0x04e60000, 0x04e60000)
  from space 512K,  99% used [0x04e60000, 0x04edfff8, 0x04ee0000)
  to   space 512K,   0% used [0x04ee0000, 0x04ee0000, 0x04f60000)
 tenured generation   total 10944K, used 6730K [0x09f50000, 0x0aa00000, 0x14a00000)
   the space 10944K,  61% used [0x09f50000, 0x0a5e2840, 0x0a5e2a00, 0x0aa00000)
 Metaspace       used 705K, capacity 2856K, committed 2880K, reserved 4480K
Event: 574.986 GC heap after
Heap after GC invocations=1957 (full 59):
 def new generation   total 4992K, used 511K [0x04a00000, 0x04f60000, 0x09f50000)
  eden space 4480K,   0% used [0x04a00000, 0x04a00000, 0x04e60000)
  from space 512K,  99% used [0x04ee0000, 0x04f5fff8, 0x04f60000)
  to   space 512K,   0% used [0x04e60000, 0x04e60000, 0x04ee0000)
 tenured generation   total 10944K, used 6987K [0x09f50000, 0x0aa00000, 0x14a00000)
   the space 10944K,  63% used [0x09f50000, 0x0a622d60, 0x0a622e00, 0x0aa00000)
 Metaspace       used 705K, capacity 2856K, committed 2880K, reserved 4480K
}
Event: 575.235 GC heap before
{Heap before GC invocations=1957 (full 59):
 def new generation   total 4992K, used 4991K [0x04a00000, 0x04f60000, 0x09f50000)
  eden space 4480K, 100% used [0x04a00000, 0x04e60000, 0x04e60000)
  from space 512K,  99% used [0x04ee0000, 0x04f5fff8, 0x04f60000)
  to   space 512K,   0% used [0x04e60000, 0x04e60000, 0x04ee0000)
 tenured generation   total 10944K, used 6987K [0x09f50000, 0x0aa00000, 0x14a00000)
   the space 10944K,  63% used [0x09f50000, 0x0a622d60, 0x0a622e00, 0x0aa00000)
 Metaspace       used 705K, capacity 2856K, committed 2880K, reserved 4480K
Event: 575.237 GC heap after
Heap after GC invocations=1958 (full 59):
 def new generation   total 4992K, used 511K [0x04a00000, 0x04f60000, 0x09f50000)
  eden space 4480K,   0% used [0x04a00000, 0x04a00000, 0x04e60000)
  from space 512K,  99% used [0x04e60000, 0x04edfff8, 0x04ee0000)
  to   space 512K,   0% used [0x04ee0000, 0x04ee0000, 0x04f60000)
 tenured generation   total 10944K, used 7245K [0x09f50000, 0x0aa00000, 0x14a00000)
   the space 10944K,  66% used [0x09f50000, 0x0a663430, 0x0a663600, 0x0aa00000)
 Metaspace       used 705K, capacity 2856K, committed 2880K, reserved 4480K
}
Event: 575.495 GC heap before
{Heap before GC invocations=1958 (full 59):
 def new generation   total 4992K, used 4991K [0x04a00000, 0x04f60000, 0x09f50000)
  eden space 4480K, 100% used [0x04a00000, 0x04e60000, 0x04e60000)
  from space 512K,  99% used [0x04e60000, 0x04edfff8, 0x04ee0000)
  to   space 512K,   0% used [0x04ee0000, 0x04ee0000, 0x04f60000)
 tenured generation   total 10944K, used 7245K [0x09f50000, 0x0aa00000, 0x14a00000)
   the space 10944K,  66% used [0x09f50000, 0x0a663430, 0x0a663600, 0x0aa00000)
 Metaspace       used 705K, capacity 2856K, committed 2880K, reserved 4480K
Event: 575.501 GC heap after
Heap after GC invocations=1959 (full 59):
 def new generation   total 4992K, used 511K [0x04a00000, 0x04f60000, 0x09f50000)
  eden space 4480K,   0% used [0x04a00000, 0x04a00000, 0x04e60000)
  from space 512K,  99% used [0x04ee0000, 0x04f5fff8, 0x04f60000)
  to   space 512K,   0% used [0x04e60000, 0x04e60000, 0x04ee0000)
 tenured generation   total 10944K, used 7502K [0x09f50000, 0x0aa00000, 0x14a00000)
   the space 10944K,  68% used [0x09f50000, 0x0a6a3918, 0x0a6a3a00, 0x0aa00000)
 Metaspace       used 705K, capacity 2856K, committed 2880K, reserved 4480K
}
Event: 575.720 GC heap before
{Heap before GC invocations=1959 (full 59):
 def new generation   total 4992K, used 4991K [0x04a00000, 0x04f60000, 0x09f50000)
  eden space 4480K, 100% used [0x04a00000, 0x04e60000, 0x04e60000)
  from space 512K,  99% used [0x04ee0000, 0x04f5fff8, 0x04f60000)
  to   space 512K,   0% used [0x04e60000, 0x04e60000, 0x04ee0000)
 tenured generation   total 10944K, used 7502K [0x09f50000, 0x0aa00000, 0x14a00000)
   the space 10944K,  68% used [0x09f50000, 0x0a6a3918, 0x0a6a3a00, 0x0aa00000)
 Metaspace       used 705K, capacity 2856K, committed 2880K, reserved 4480K
Event: 575.722 GC heap after
Heap after GC invocations=1960 (full 59):
 def new generation   total 4992K, used 511K [0x04a00000, 0x04f60000, 0x09f50000)
  eden space 4480K,   0% used [0x04a00000, 0x04a00000, 0x04e60000)
  from space 512K,  99% used [0x04e60000, 0x04edfff8, 0x04ee0000)
  to   space 512K,   0% used [0x04ee0000, 0x04ee0000, 0x04f60000)
 tenured generation   total 10944K, used 7759K [0x09f50000, 0x0aa00000, 0x14a00000)
   the space 10944K,  70% used [0x09f50000, 0x0a6e3ee0, 0x0a6e4000, 0x0aa00000)
 Metaspace       used 705K, capacity 2856K, committed 2880K, reserved 4480K
}

