# JRE version: Java(TM) SE Runtime Environment (8.0_251-b08) (build 1.8.0_251-b08)
# Java VM: Java HotSpot(TM) Client VM (25.251-b08 mixed mode windows-x86 )
Heap:
 def new generation   total 4992K, used 3558K [0x05000000, 0x05560000, 0x0a550000)
  eden space 4480K,  68% used [0x05000000, 0x052f99e8, 0x05460000)
  from space 512K,  99% used [0x05460000, 0x054dfff8, 0x054e0000)
  to   space 512K,   0% used [0x054e0000, 0x054e0000, 0x05560000)
 tenured generation   total 10944K, used 8462K [0x0a550000, 0x0b000000, 0x15000000)
   the space 10944K,  77% used [0x0a550000, 0x0ad93b78, 0x0ad93c00, 0x0b000000)
 Metaspace       used 2464K, capacity 2856K, committed 2880K, reserved 4480K
GC Heap History (10 events):
Event: 101.411 GC heap before
{Heap before GC invocations=1925 (full 58):
 def new generation   total 4992K, used 4991K [0x05000000, 0x05560000, 0x0a550000)
  eden space 4480K, 100% used [0x05000000, 0x05460000, 0x05460000)
  from space 512K,  99% used [0x054e0000, 0x0555fff8, 0x05560000)
  to   space 512K,   0% used [0x05460000, 0x05460000, 0x054e0000)
 tenured generation   total 10944K, used 7171K [0x0a550000, 0x0b000000, 0x15000000)
   the space 10944K,  65% used [0x0a550000, 0x0ac50e60, 0x0ac51000, 0x0b000000)
 Metaspace       used 2464K, capacity 2856K, committed 2880K, reserved 4480K
Event: 101.413 GC heap after
Heap after GC invocations=1926 (full 58):
 def new generation   total 4992K, used 511K [0x05000000, 0x05560000, 0x0a550000)
  eden space 4480K,   0% used [0x05000000, 0x05000000, 0x05460000)
  from space 512K,  99% used [0x05460000, 0x054dfff8, 0x054e0000)
  to   space 512K,   0% used [0x054e0000, 0x054e0000, 0x05560000)
 tenured generation   total 10944K, used 7430K [0x0a550000, 0x0b000000, 0x15000000)
   the space 10944K,  67% used [0x0a550000, 0x0ac91908, 0x0ac91a00, 0x0b000000)
 Metaspace       used 2464K, capacity 2856K, committed 2880K, reserved 4480K
}
Event: 101.441 GC heap before
{Heap before GC invocations=1926 (full 58):
 def new generation   total 4992K, used 4991K [0x05000000, 0x05560000, 0x0a550000)
  eden space 4480K, 100% used [0x05000000, 0x05460000, 0x05460000)
  from space 512K,  99% used [0x05460000, 0x054dfff8, 0x054e0000)
  to   space 512K,   0% used [0x054e0000, 0x054e0000, 0x05560000)
 tenured generation   total 10944K, used 7430K [0x0a550000, 0x0b000000, 0x15000000)
   the space 10944K,  67% used [0x0a550000, 0x0ac91908, 0x0ac91a00, 0x0b000000)
 Metaspace       used 2464K, capacity 2856K, committed 2880K, reserved 4480K
Event: 101.443 GC heap after
Heap after GC invocations=1927 (full 58):
 def new generation   total 4992K, used 511K [0x05000000, 0x05560000, 0x0a550000)
  eden space 4480K,   0% used [0x05000000, 0x05000000, 0x05460000)
  from space 512K,  99% used [0x054e0000, 0x0555fff8, 0x05560000)
  to   space 512K,   0% used [0x05460000, 0x05460000, 0x054e0000)
 tenured generation   total 10944K, used 7687K [0x0a550000, 0x0b000000, 0x15000000)
   the space 10944K,  70% used [0x0a550000, 0x0acd1ee0, 0x0acd2000, 0x0b000000)
 Metaspace       used 2464K, capacity 2856K, committed 2880K, reserved 4480K
}
Event: 101.478 GC heap before
{Heap before GC invocations=1927 (full 58):
 def new generation   total 4992K, used 4991K [0x05000000, 0x05560000, 0x0a550000)
  eden space 4480K, 100% used [0x05000000, 0x05460000, 0x05460000)
  from space 512K,  99% used [0x054e0000, 0x0555fff8, 0x05560000)
  to   space 512K,   0% used [0x05460000, 0x05460000, 0x054e0000)
 tenured generation   total 10944K, used 7687K [0x0a550000, 0x0b000000, 0x15000000)
   the space 10944K,  70% used [0x0a550000, 0x0acd1ee0, 0x0acd2000, 0x0b000000)
 Metaspace       used 2464K, capacity 2856K, committed 2880K, reserved 4480K
Event: 101.480 GC heap after
Heap after GC invocations=1928 (full 58):
 def new generation   total 4992K, used 511K [0x05000000, 0x05560000, 0x0a550000)
  eden space 4480K,   0% used [0x05000000, 0x05000000, 0x05460000)
  from space 512K,  99% used [0x05460000, 0x054dfff8, 0x054e0000)
  to   space 512K,   0% used [0x054e0000, 0x054e0000, 0x05560000)
 tenured generation   total 10944K, used 7946K [0x0a550000, 0x0b000000, 0x15000000)
   the space 10944K,  72% used [0x0a550000, 0x0ad129f8, 0x0ad12a00, 0x0b000000)
 Metaspace       used 2464K, capacity 2856K, committed 2880K, reserved 4480K
}
Event: 101.509 GC heap before
{Heap before GC invocations=1928 (full 58):
 def new generation   total 4992K, used 4991K [0x05000000, 0x05560000, 0x0a550000)
  eden space 4480K, 100% used [0x05000000, 0x05460000, 0x05460000)
  from space 512K,  99% used [0x05460000, 0x054dfff8, 0x054e0000)
  to   space 512K,   0% used [0x054e0000, 0x054e0000, 0x05560000)
 tenured generation   total 10944K, used 7946K [0x0a550000, 0x0b000000, 0x15000000)
   the space 10944K,  72% used [0x0a550000, 0x0ad129f8, 0x0ad12a00, 0x0b000000)
 Metaspace       used 2464K, capacity 2856K, committed 2880K, reserved 4480K
Event: 101.511 GC heap after
Heap after GC invocations=1929 (full 58):
 def new generation   total 4992K, used 511K [0x05000000, 0x05560000, 0x0a550000)
  eden space 4480K,   0% used [0x05000000, 0x05000000, 0x05460000)
  from space 512K,  99% used [0x054e0000, 0x0555fff8, 0x05560000)
  to   space 512K,   0% used [0x05460000, 0x05460000, 0x054e0000)
 tenured generation   total 10944K, used 8203K [0x0a550000, 0x0b000000, 0x15000000)
   the space 10944K,  74% used [0x0a550000, 0x0ad52fd0, 0x0ad53000, 0x0b000000)
 Metaspace       used 2464K, capacity 2856K, committed 2880K, reserved 4480K
}
Event: 101.546 GC heap before
{Heap before GC invocations=1929 (full 58):
 def new generation   total 4992K, used 4991K [0x05000000, 0x05560000, 0x0a550000)
  eden space 4480K, 100% used [0x05000000, 0x05460000, 0x05460000)
  from space 512K,  99% used [0x054e0000, 0x0555fff8, 0x05560000)
  to   space 512K,   0% used [0x05460000, 0x05460000, 0x054e0000)
 tenured generation   total 10944K, used 8203K [0x0a550000, 0x0b000000, 0x15000000)
   the space 10944K,  74% used [0x0a550000, 0x0ad52fd0, 0x0ad53000, 0x0b000000)
 Metaspace       used 2464K, capacity 2856K, committed 2880K, reserved 4480K
Event: 101.548 GC heap after
Heap after GC invocations=1930 (full 58):
 def new generation   total 4992K, used 511K [0x05000000, 0x05560000, 0x0a550000)
  eden space 4480K,   0% used [0x05000000, 0x05000000, 0x05460000)
  from space 512K,  99% used [0x05460000, 0x054dfff8, 0x054e0000)
  to   space 512K,   0% used [0x054e0000, 0x054e0000, 0x05560000)
 tenured generation   total 10944K, used 8462K [0x0a550000, 0x0b000000, 0x15000000)
   the space 10944K,  77% used [0x0a550000, 0x0ad93b78, 0x0ad93c00, 0x0b000000)
 Metaspace       used 2464K, capacity 2856K, committed 2880K, reserved 4480K
}

